  sort2.cpp
d:\progs\visualstudioprojects\sort2\consoleapplication1\consoleapplication1\sort2.cpp(5): warning C4101: arr: неиспользованная локальная переменная
d:\progs\visualstudioprojects\sort2\consoleapplication1\consoleapplication1\sort.h(100): error C2039: difference_type: не является членом "std::iterator_traits<Itr>"
          with
          [
              Itr=std::_Vector_iterator<std::_Vector_val<std::_Simple_types<int>>> &
          ]
  d:\progs\visualstudioprojects\sort2\consoleapplication1\consoleapplication1\sort.h(100): note:  см. объявление "std::iterator_traits<Itr>"
          with
          [
              Itr=std::_Vector_iterator<std::_Vector_val<std::_Simple_types<int>>> &
          ]
  d:\progs\visualstudioprojects\sort2\consoleapplication1\consoleapplication1\sort2.cpp(16): note: выполняется компиляция ссылки на экземпляр шаблон функции "void Sort<int>::dual_pivot<std::_Vector_iterator<std::_Vector_val<std::_Simple_types<_Ty>>>&>(Itr,Itr)"
          with
          [
              _Ty=int,
              Itr=std::_Vector_iterator<std::_Vector_val<std::_Simple_types<int>>> &
          ]
  d:\progs\visualstudioprojects\sort2\consoleapplication1\consoleapplication1\sort2.cpp(16): note: выполняется компиляция ссылки на экземпляр шаблон функции "void Sort<int>::dual_pivot<std::_Vector_iterator<std::_Vector_val<std::_Simple_types<_Ty>>>&>(Itr,Itr)"
          with
          [
              _Ty=int,
              Itr=std::_Vector_iterator<std::_Vector_val<std::_Simple_types<int>>> &
          ]
d:\progs\visualstudioprojects\sort2\consoleapplication1\consoleapplication1\sort.h(100): error C2065: difference_type: необъявленный идентификатор
d:\progs\visualstudioprojects\sort2\consoleapplication1\consoleapplication1\sort.h(100): error C2146: синтаксическая ошибка: отсутствие ";" перед идентификатором "length"
d:\progs\visualstudioprojects\sort2\consoleapplication1\consoleapplication1\sort.h(100): error C2065: length: необъявленный идентификатор
d:\progs\visualstudioprojects\sort2\consoleapplication1\consoleapplication1\sort.h(108): error C2065: length: необъявленный идентификатор
d:\progs\visualstudioprojects\sort2\consoleapplication1\consoleapplication1\sort.h(114): error C2672: "forward": не найдена соответствующая перегруженная функция
d:\progs\visualstudioprojects\sort2\consoleapplication1\consoleapplication1\sort.h(114): error C2783: _Ty &&std::forward(remove_reference<_Ty>::type &) noexcept: не удается составить аргумент шаблон для "_Ty"
  c:\program files (x86)\microsoft visual studio\2017\community\vc\tools\msvc\14.16.27023\include\type_traits(1572): note:  см. объявление "std::forward"
d:\progs\visualstudioprojects\sort2\consoleapplication1\consoleapplication1\sort.h(114): error C2065: length: необъявленный идентификатор
d:\progs\visualstudioprojects\sort2\consoleapplication1\consoleapplication1\sort.h(114): error C2672: "Sort<int>::get_medians": не найдена соответствующая перегруженная функция
d:\progs\visualstudioprojects\sort2\consoleapplication1\consoleapplication1\sort.h(114): error C2780: void Sort<int>::get_medians(Itr &&,Itr &&,Diff_type): требует аргументов: 3, имеется: 2
  d:\progs\visualstudioprojects\sort2\consoleapplication1\consoleapplication1\sort.h(36): note:  см. объявление "Sort<int>::get_medians"
d:\progs\visualstudioprojects\sort2\consoleapplication1\consoleapplication1\sort.h(117): error C2039: value_type: не является членом "std::iterator_traits<Itr>"
          with
          [
              Itr=std::_Vector_iterator<std::_Vector_val<std::_Simple_types<int>>> &
          ]
  d:\progs\visualstudioprojects\sort2\consoleapplication1\consoleapplication1\sort.h(100): note:  см. объявление "std::iterator_traits<Itr>"
          with
          [
              Itr=std::_Vector_iterator<std::_Vector_val<std::_Simple_types<int>>> &
          ]
d:\progs\visualstudioprojects\sort2\consoleapplication1\consoleapplication1\sort.h(117): error C2065: value_type: необъявленный идентификатор
d:\progs\visualstudioprojects\sort2\consoleapplication1\consoleapplication1\sort.h(117): error C2146: синтаксическая ошибка: отсутствие ";" перед идентификатором "pivot1"
d:\progs\visualstudioprojects\sort2\consoleapplication1\consoleapplication1\sort.h(117): error C2065: pivot1: необъявленный идентификатор
d:\progs\visualstudioprojects\sort2\consoleapplication1\consoleapplication1\sort.h(118): error C2039: value_type: не является членом "std::iterator_traits<Itr>"
          with
          [
              Itr=std::_Vector_iterator<std::_Vector_val<std::_Simple_types<int>>> &
          ]
  d:\progs\visualstudioprojects\sort2\consoleapplication1\consoleapplication1\sort.h(100): note:  см. объявление "std::iterator_traits<Itr>"
          with
          [
              Itr=std::_Vector_iterator<std::_Vector_val<std::_Simple_types<int>>> &
          ]
d:\progs\visualstudioprojects\sort2\consoleapplication1\consoleapplication1\sort.h(118): error C2065: value_type: необъявленный идентификатор
d:\progs\visualstudioprojects\sort2\consoleapplication1\consoleapplication1\sort.h(118): error C2146: синтаксическая ошибка: отсутствие ";" перед идентификатором "pivot2"
d:\progs\visualstudioprojects\sort2\consoleapplication1\consoleapplication1\sort.h(118): error C2065: pivot2: необъявленный идентификатор
d:\progs\visualstudioprojects\sort2\consoleapplication1\consoleapplication1\sort.h(121): error C2440: инициализация: невозможно преобразовать "std::_Vector_iterator<std::_Vector_val<std::_Simple_types<_Ty>>>" в "Itr"
          with
          [
              _Ty=int
          ]
          and
          [
              Itr=std::_Vector_iterator<std::_Vector_val<std::_Simple_types<int>>> &
          ]
  d:\progs\visualstudioprojects\sort2\consoleapplication1\consoleapplication1\sort.h(121): note: Неконстантная ссылка может быть связана только с левосторонним значением
d:\progs\visualstudioprojects\sort2\consoleapplication1\consoleapplication1\sort.h(122): error C2440: инициализация: невозможно преобразовать "std::_Vector_iterator<std::_Vector_val<std::_Simple_types<_Ty>>>" в "Itr"
          with
          [
              _Ty=int
          ]
          and
          [
              Itr=std::_Vector_iterator<std::_Vector_val<std::_Simple_types<int>>> &
          ]
  d:\progs\visualstudioprojects\sort2\consoleapplication1\consoleapplication1\sort.h(122): note: Неконстантная ссылка может быть связана только с левосторонним значением
d:\progs\visualstudioprojects\sort2\consoleapplication1\consoleapplication1\sort.h(125): error C2039: difference_type: не является членом "std::iterator_traits<Itr>"
          with
          [
              Itr=std::_Vector_iterator<std::_Vector_val<std::_Simple_types<int>>> &
          ]
  d:\progs\visualstudioprojects\sort2\consoleapplication1\consoleapplication1\sort.h(100): note:  см. объявление "std::iterator_traits<Itr>"
          with
          [
              Itr=std::_Vector_iterator<std::_Vector_val<std::_Simple_types<int>>> &
          ]
d:\progs\visualstudioprojects\sort2\consoleapplication1\consoleapplication1\sort.h(125): error C2065: difference_type: необъявленный идентификатор
d:\progs\visualstudioprojects\sort2\consoleapplication1\consoleapplication1\sort.h(125): error C2146: синтаксическая ошибка: отсутствие ";" перед идентификатором "dist"
d:\progs\visualstudioprojects\sort2\consoleapplication1\consoleapplication1\sort.h(125): error C2065: dist: необъявленный идентификатор
d:\progs\visualstudioprojects\sort2\consoleapplication1\consoleapplication1\sort.h(125): error C2672: "forward": не найдена соответствующая перегруженная функция
d:\progs\visualstudioprojects\sort2\consoleapplication1\consoleapplication1\sort.h(125): error C2783: _Ty &&std::forward(remove_reference<_Ty>::type &) noexcept: не удается составить аргумент шаблон для "_Ty"
  c:\program files (x86)\microsoft visual studio\2017\community\vc\tools\msvc\14.16.27023\include\type_traits(1572): note:  см. объявление "std::forward"
d:\progs\visualstudioprojects\sort2\consoleapplication1\consoleapplication1\sort.h(125): error C2672: "Sort<int>::dual_pivot_partition": не найдена соответствующая перегруженная функция
d:\progs\visualstudioprojects\sort2\consoleapplication1\consoleapplication1\sort.h(125): error C2780: int Sort<int>::dual_pivot_partition(Itr &&,Itr &&,Itr &&,Itr &&): требует аргументов: 4, имеется: 1
  d:\progs\visualstudioprojects\sort2\consoleapplication1\consoleapplication1\sort.h(62): note:  см. объявление "Sort<int>::dual_pivot_partition"
d:\progs\visualstudioprojects\sort2\consoleapplication1\consoleapplication1\sort.h(128): error C2672: "forward": не найдена соответствующая перегруженная функция
d:\progs\visualstudioprojects\sort2\consoleapplication1\consoleapplication1\sort.h(128): error C2783: _Ty &&std::forward(remove_reference<_Ty>::type &) noexcept: не удается составить аргумент шаблон для "_Ty"
  c:\program files (x86)\microsoft visual studio\2017\community\vc\tools\msvc\14.16.27023\include\type_traits(1572): note:  см. объявление "std::forward"
d:\progs\visualstudioprojects\sort2\consoleapplication1\consoleapplication1\sort.h(128): error C2672: "Sort<int>::dual_pivot": не найдена соответствующая перегруженная функция
d:\progs\visualstudioprojects\sort2\consoleapplication1\consoleapplication1\sort.h(128): error C2780: void Sort<int>::dual_pivot(Itr &&,Itr &&): требует аргументов: 2, имеется: 1
  d:\progs\visualstudioprojects\sort2\consoleapplication1\consoleapplication1\sort.h(95): note:  см. объявление "Sort<int>::dual_pivot"
d:\progs\visualstudioprojects\sort2\consoleapplication1\consoleapplication1\sort.h(129): error C2672: "forward": не найдена соответствующая перегруженная функция
d:\progs\visualstudioprojects\sort2\consoleapplication1\consoleapplication1\sort.h(129): error C2783: _Ty &&std::forward(remove_reference<_Ty>::type &) noexcept: не удается составить аргумент шаблон для "_Ty"
  c:\program files (x86)\microsoft visual studio\2017\community\vc\tools\msvc\14.16.27023\include\type_traits(1572): note:  см. объявление "std::forward"
d:\progs\visualstudioprojects\sort2\consoleapplication1\consoleapplication1\sort.h(129): error C2672: "Sort<int>::dual_pivot": не найдена соответствующая перегруженная функция
d:\progs\visualstudioprojects\sort2\consoleapplication1\consoleapplication1\sort.h(129): error C2780: void Sort<int>::dual_pivot(Itr &&,Itr &&): требует аргументов: 2, имеется: 1
  d:\progs\visualstudioprojects\sort2\consoleapplication1\consoleapplication1\sort.h(95): note:  см. объявление "Sort<int>::dual_pivot"
d:\progs\visualstudioprojects\sort2\consoleapplication1\consoleapplication1\sort.h(132): error C2065: dist: необъявленный идентификатор
d:\progs\visualstudioprojects\sort2\consoleapplication1\consoleapplication1\sort.h(132): error C2065: length: необъявленный идентификатор
d:\progs\visualstudioprojects\sort2\consoleapplication1\consoleapplication1\sort.h(132): error C2065: pivot1: необъявленный идентификатор
d:\progs\visualstudioprojects\sort2\consoleapplication1\consoleapplication1\sort.h(132): error C2065: pivot2: необъявленный идентификатор
d:\progs\visualstudioprojects\sort2\consoleapplication1\consoleapplication1\sort.h(136): error C2065: pivot1: необъявленный идентификатор
d:\progs\visualstudioprojects\sort2\consoleapplication1\consoleapplication1\sort.h(138): error C2672: "forward": не найдена соответствующая перегруженная функция
d:\progs\visualstudioprojects\sort2\consoleapplication1\consoleapplication1\sort.h(138): error C2783: _Ty &&std::forward(remove_reference<_Ty>::type &) noexcept: не удается составить аргумент шаблон для "_Ty"
  c:\program files (x86)\microsoft visual studio\2017\community\vc\tools\msvc\14.16.27023\include\type_traits(1572): note:  см. объявление "std::forward"
d:\progs\visualstudioprojects\sort2\consoleapplication1\consoleapplication1\sort.h(138): error C2672: "Sort<int>::swap": не найдена соответствующая перегруженная функция
d:\progs\visualstudioprojects\sort2\consoleapplication1\consoleapplication1\sort.h(138): error C2780: void Sort<int>::swap(Itr &&,Itr &&): требует аргументов: 2, имеется: 1
  d:\progs\visualstudioprojects\sort2\consoleapplication1\consoleapplication1\sort.h(182): note:  см. объявление "Sort<int>::swap"
d:\progs\visualstudioprojects\sort2\consoleapplication1\consoleapplication1\sort.h(141): error C2065: pivot2: необъявленный идентификатор
d:\progs\visualstudioprojects\sort2\consoleapplication1\consoleapplication1\sort.h(143): error C2672: "forward": не найдена соответствующая перегруженная функция
d:\progs\visualstudioprojects\sort2\consoleapplication1\consoleapplication1\sort.h(143): error C2783: _Ty &&std::forward(remove_reference<_Ty>::type &) noexcept: не удается составить аргумент шаблон для "_Ty"
  c:\program files (x86)\microsoft visual studio\2017\community\vc\tools\msvc\14.16.27023\include\type_traits(1572): note:  см. объявление "std::forward"
d:\progs\visualstudioprojects\sort2\consoleapplication1\consoleapplication1\sort.h(143): error C2672: "Sort<int>::swap": не найдена соответствующая перегруженная функция
d:\progs\visualstudioprojects\sort2\consoleapplication1\consoleapplication1\sort.h(143): error C2780: void Sort<int>::swap(Itr &&,Itr &&): требует аргументов: 2, имеется: 1
  d:\progs\visualstudioprojects\sort2\consoleapplication1\consoleapplication1\sort.h(182): note:  см. объявление "Sort<int>::swap"
d:\progs\visualstudioprojects\sort2\consoleapplication1\consoleapplication1\sort.h(146): error C2065: pivot1: необъявленный идентификатор
d:\progs\visualstudioprojects\sort2\consoleapplication1\consoleapplication1\sort.h(148): error C2672: "forward": не найдена соответствующая перегруженная функция
d:\progs\visualstudioprojects\sort2\consoleapplication1\consoleapplication1\sort.h(148): error C2783: _Ty &&std::forward(remove_reference<_Ty>::type &) noexcept: не удается составить аргумент шаблон для "_Ty"
  c:\program files (x86)\microsoft visual studio\2017\community\vc\tools\msvc\14.16.27023\include\type_traits(1572): note:  см. объявление "std::forward"
d:\progs\visualstudioprojects\sort2\consoleapplication1\consoleapplication1\sort.h(148): error C2672: "Sort<int>::swap": не найдена соответствующая перегруженная функция
d:\progs\visualstudioprojects\sort2\consoleapplication1\consoleapplication1\sort.h(148): error C2780: void Sort<int>::swap(Itr &&,Itr &&): требует аргументов: 2, имеется: 1
  d:\progs\visualstudioprojects\sort2\consoleapplication1\consoleapplication1\sort.h(182): note:  см. объявление "Sort<int>::swap"
d:\progs\visualstudioprojects\sort2\consoleapplication1\consoleapplication1\sort.h(156): error C2065: pivot1: необъявленный идентификатор
d:\progs\visualstudioprojects\sort2\consoleapplication1\consoleapplication1\sort.h(156): error C2065: pivot2: необъявленный идентификатор
d:\progs\visualstudioprojects\sort2\consoleapplication1\consoleapplication1\sort.h(157): error C2672: "forward": не найдена соответствующая перегруженная функция
d:\progs\visualstudioprojects\sort2\consoleapplication1\consoleapplication1\sort.h(157): error C2783: _Ty &&std::forward(remove_reference<_Ty>::type &) noexcept: не удается составить аргумент шаблон для "_Ty"
  c:\program files (x86)\microsoft visual studio\2017\community\vc\tools\msvc\14.16.27023\include\type_traits(1572): note:  см. объявление "std::forward"
d:\progs\visualstudioprojects\sort2\consoleapplication1\consoleapplication1\sort.h(157): error C2672: "Sort<int>::dual_pivot": не найдена соответствующая перегруженная функция
d:\progs\visualstudioprojects\sort2\consoleapplication1\consoleapplication1\sort.h(157): error C2780: void Sort<int>::dual_pivot(Itr &&,Itr &&): требует аргументов: 2, имеется: 1
  d:\progs\visualstudioprojects\sort2\consoleapplication1\consoleapplication1\sort.h(95): note:  см. объявление "Sort<int>::dual_pivot"
