d:\progs\visualstudioprojects\sort2\consoleapplication1\consoleapplication1\debug\vc141.pdb
d:\progs\visualstudioprojects\sort2\consoleapplication1\consoleapplication1\debug\vc141.idb
d:\progs\visualstudioprojects\sort2\consoleapplication1\consoleapplication1\debug\sort.obj
d:\progs\visualstudioprojects\sort2\consoleapplication1\debug\sort2.pdb
d:\progs\visualstudioprojects\sort2\consoleapplication1\consoleapplication1\debug\sort2.tlog\cl.command.1.tlog
d:\progs\visualstudioprojects\sort2\consoleapplication1\consoleapplication1\debug\sort2.tlog\cl.read.1.tlog
d:\progs\visualstudioprojects\sort2\consoleapplication1\consoleapplication1\debug\sort2.tlog\cl.write.1.tlog
d:\progs\visualstudioprojects\sort2\consoleapplication1\consoleapplication1\debug\sort2.tlog\link-cvtres.read.1.tlog
d:\progs\visualstudioprojects\sort2\consoleapplication1\consoleapplication1\debug\sort2.tlog\link-cvtres.write.1.tlog
d:\progs\visualstudioprojects\sort2\consoleapplication1\consoleapplication1\debug\sort2.tlog\link-rc.read.1.tlog
d:\progs\visualstudioprojects\sort2\consoleapplication1\consoleapplication1\debug\sort2.tlog\link-rc.write.1.tlog
d:\progs\visualstudioprojects\sort2\consoleapplication1\consoleapplication1\debug\sort2.tlog\link.10116-cvtres.read.1.tlog
d:\progs\visualstudioprojects\sort2\consoleapplication1\consoleapplication1\debug\sort2.tlog\link.10116-cvtres.write.1.tlog
d:\progs\visualstudioprojects\sort2\consoleapplication1\consoleapplication1\debug\sort2.tlog\link.10116-rc.read.1.tlog
d:\progs\visualstudioprojects\sort2\consoleapplication1\consoleapplication1\debug\sort2.tlog\link.10116-rc.write.1.tlog
d:\progs\visualstudioprojects\sort2\consoleapplication1\consoleapplication1\debug\sort2.tlog\link.10116.read.1.tlog
d:\progs\visualstudioprojects\sort2\consoleapplication1\consoleapplication1\debug\sort2.tlog\link.10116.write.1.tlog
d:\progs\visualstudioprojects\sort2\consoleapplication1\consoleapplication1\debug\sort2.tlog\link.command.1.tlog
d:\progs\visualstudioprojects\sort2\consoleapplication1\consoleapplication1\debug\sort2.tlog\link.read.1.tlog
d:\progs\visualstudioprojects\sort2\consoleapplication1\consoleapplication1\debug\sort2.tlog\link.write.1.tlog
